Performing C++ SOURCE FILE Test CMAKE_HAVE_LIBC_PTHREAD failed with the following output:
Change Dir: /home/wj/Code/SDL2__Game/MPRPC/build/CMakeFiles/CMakeTmp

Run Build Command(s):/usr/bin/make cmTC_6b9a8/fast && /usr/bin/make -f CMakeFiles/cmTC_6b9a8.dir/build.make CMakeFiles/cmTC_6b9a8.dir/build
make[1]: 进入目录“/home/wj/Code/SDL2__Game/MPRPC/build/CMakeFiles/CMakeTmp”
Building CXX object CMakeFiles/cmTC_6b9a8.dir/src.cxx.o
/usr/bin/g++    -Wall -Wextra -pedantic -DCMAKE_HAVE_LIBC_PTHREAD   -std=gnu++17 -o CMakeFiles/cmTC_6b9a8.dir/src.cxx.o -c /home/wj/Code/SDL2__Game/MPRPC/build/CMakeFiles/CMakeTmp/src.cxx
Linking CXX executable cmTC_6b9a8
/usr/bin/cmake -E cmake_link_script CMakeFiles/cmTC_6b9a8.dir/link.txt --verbose=1
/usr/bin/g++   -Wall -Wextra -pedantic -DCMAKE_HAVE_LIBC_PTHREAD    CMakeFiles/cmTC_6b9a8.dir/src.cxx.o  -o cmTC_6b9a8 
/usr/bin/ld: CMakeFiles/cmTC_6b9a8.dir/src.cxx.o: in function `main':
src.cxx:(.text+0x46): undefined reference to `pthread_create'
/usr/bin/ld: src.cxx:(.text+0x52): undefined reference to `pthread_detach'
/usr/bin/ld: src.cxx:(.text+0x63): undefined reference to `pthread_join'
collect2: error: ld returned 1 exit status
make[1]: *** [CMakeFiles/cmTC_6b9a8.dir/build.make:87：cmTC_6b9a8] 错误 1
make[1]: 离开目录“/home/wj/Code/SDL2__Game/MPRPC/build/CMakeFiles/CMakeTmp”
make: *** [Makefile:121：cmTC_6b9a8/fast] 错误 2


Source file was:
#include <pthread.h>

void* test_func(void* data)
{
  return data;
}

int main(void)
{
  pthread_t thread;
  pthread_create(&thread, NULL, test_func, NULL);
  pthread_detach(thread);
  pthread_join(thread, NULL);
  pthread_atfork(NULL, NULL, NULL);
  pthread_exit(NULL);

  return 0;
}

Determining if the function pthread_create exists in the pthreads failed with the following output:
Change Dir: /home/wj/Code/SDL2__Game/MPRPC/build/CMakeFiles/CMakeTmp

Run Build Command(s):/usr/bin/make cmTC_09511/fast && /usr/bin/make -f CMakeFiles/cmTC_09511.dir/build.make CMakeFiles/cmTC_09511.dir/build
make[1]: 进入目录“/home/wj/Code/SDL2__Game/MPRPC/build/CMakeFiles/CMakeTmp”
Building CXX object CMakeFiles/cmTC_09511.dir/CheckFunctionExists.cxx.o
/usr/bin/g++    -Wall -Wextra -pedantic -DCHECK_FUNCTION_EXISTS=pthread_create   -std=gnu++17 -o CMakeFiles/cmTC_09511.dir/CheckFunctionExists.cxx.o -c /home/wj/Code/SDL2__Game/MPRPC/build/CMakeFiles/CheckLibraryExists/CheckFunctionExists.cxx
Linking CXX executable cmTC_09511
/usr/bin/cmake -E cmake_link_script CMakeFiles/cmTC_09511.dir/link.txt --verbose=1
/usr/bin/g++   -Wall -Wextra -pedantic -DCHECK_FUNCTION_EXISTS=pthread_create    CMakeFiles/cmTC_09511.dir/CheckFunctionExists.cxx.o  -o cmTC_09511  -lpthreads 
/usr/bin/ld: 找不到 -lpthreads
collect2: error: ld returned 1 exit status
make[1]: *** [CMakeFiles/cmTC_09511.dir/build.make:87：cmTC_09511] 错误 1
make[1]: 离开目录“/home/wj/Code/SDL2__Game/MPRPC/build/CMakeFiles/CMakeTmp”
make: *** [Makefile:121：cmTC_09511/fast] 错误 2



